<?xml version="1.0" encoding="UTF-8"?>
<testsuite name="비즈니스 로직 - 페이지네이션" tests="11" skipped="0" failures="0" errors="0" timestamp="2022-12-29T14:14:48" hostname="Kimui-MacBookAir.local" time="0.012">
  <properties/>
  <testcase name="[1] 현재 페이지: 0, 총 페이지: 13 =&gt; [0, 1, 2, 3, 4]" classname="com.keyworld.projectboard.service.PaginationServiceTest" time="0.001"/>
  <testcase name="[2] 현재 페이지: 1, 총 페이지: 13 =&gt; [0, 1, 2, 3, 4]" classname="com.keyworld.projectboard.service.PaginationServiceTest" time="0.0"/>
  <testcase name="[3] 현재 페이지: 2, 총 페이지: 13 =&gt; [0, 1, 2, 3, 4]" classname="com.keyworld.projectboard.service.PaginationServiceTest" time="0.0"/>
  <testcase name="[4] 현재 페이지: 3, 총 페이지: 13 =&gt; [1, 2, 3, 4, 5]" classname="com.keyworld.projectboard.service.PaginationServiceTest" time="0.0"/>
  <testcase name="[5] 현재 페이지: 4, 총 페이지: 13 =&gt; [2, 3, 4, 5, 6]" classname="com.keyworld.projectboard.service.PaginationServiceTest" time="0.0"/>
  <testcase name="[6] 현재 페이지: 5, 총 페이지: 13 =&gt; [3, 4, 5, 6, 7]" classname="com.keyworld.projectboard.service.PaginationServiceTest" time="0.001"/>
  <testcase name="[7] 현재 페이지: 6, 총 페이지: 13 =&gt; [4, 5, 6, 7, 8]" classname="com.keyworld.projectboard.service.PaginationServiceTest" time="0.001"/>
  <testcase name="[8] 현재 페이지: 10, 총 페이지: 13 =&gt; [8, 9, 10, 11, 12]" classname="com.keyworld.projectboard.service.PaginationServiceTest" time="0.002"/>
  <testcase name="[9] 현재 페이지: 11, 총 페이지: 13 =&gt; [9, 10, 11, 12]" classname="com.keyworld.projectboard.service.PaginationServiceTest" time="0.0"/>
  <testcase name="[10] 현재 페이지: 12, 총 페이지: 13 =&gt; [10, 11, 12]" classname="com.keyworld.projectboard.service.PaginationServiceTest" time="0.0"/>
  <testcase name="현재 설정되어 있는 페이지네이션 바의 길이를 알려준다." classname="com.keyworld.projectboard.service.PaginationServiceTest" time="0.001"/>
  <system-out><![CDATA[2022-12-29 23:14:48.898  INFO 68088 --- [    Test worker] .b.t.c.SpringBootTestContextBootstrapper : Neither @ContextConfiguration nor @ContextHierarchy found for test class [com.keyworld.projectboard.service.PaginationServiceTest], using SpringBootContextLoader
2022-12-29 23:14:48.898  INFO 68088 --- [    Test worker] o.s.t.c.support.AbstractContextLoader    : Could not detect default resource locations for test class [com.keyworld.projectboard.service.PaginationServiceTest]: no resource found for suffixes {-context.xml, Context.groovy}.
2022-12-29 23:14:48.899  INFO 68088 --- [    Test worker] .b.t.c.SpringBootTestContextBootstrapper : Loaded default TestExecutionListener class names from location [META-INF/spring.factories]: [org.springframework.security.test.context.support.WithSecurityContextTestExecutionListener, org.springframework.security.test.context.support.ReactorContextTestExecutionListener, org.springframework.boot.test.autoconfigure.restdocs.RestDocsTestExecutionListener, org.springframework.boot.test.autoconfigure.web.client.MockRestServiceServerResetTestExecutionListener, org.springframework.boot.test.autoconfigure.web.servlet.MockMvcPrintOnlyOnFailureTestExecutionListener, org.springframework.boot.test.autoconfigure.web.servlet.WebDriverTestExecutionListener, org.springframework.boot.test.autoconfigure.webservices.client.MockWebServiceServerTestExecutionListener, org.springframework.boot.test.mock.mockito.MockitoTestExecutionListener, org.springframework.boot.test.mock.mockito.ResetMocksTestExecutionListener, org.springframework.test.context.web.ServletTestExecutionListener, org.springframework.test.context.support.DirtiesContextBeforeModesTestExecutionListener, org.springframework.test.context.event.ApplicationEventsTestExecutionListener, org.springframework.test.context.support.DependencyInjectionTestExecutionListener, org.springframework.test.context.support.DirtiesContextTestExecutionListener, org.springframework.test.context.transaction.TransactionalTestExecutionListener, org.springframework.test.context.jdbc.SqlScriptsTestExecutionListener, org.springframework.test.context.event.EventPublishingTestExecutionListener]
2022-12-29 23:14:48.900  INFO 68088 --- [    Test worker] .b.t.c.SpringBootTestContextBootstrapper : Using TestExecutionListeners: [org.springframework.test.context.web.ServletTestExecutionListener@2603ad0a, org.springframework.test.context.support.DirtiesContextBeforeModesTestExecutionListener@2d532099, org.springframework.test.context.event.ApplicationEventsTestExecutionListener@463aa3da, org.springframework.boot.test.mock.mockito.MockitoTestExecutionListener@770ad1f0, org.springframework.boot.test.autoconfigure.SpringBootDependencyInjectionTestExecutionListener@4cda59e6, org.springframework.test.context.support.DirtiesContextTestExecutionListener@78b9ef0c, org.springframework.test.context.transaction.TransactionalTestExecutionListener@6b8eb7b2, org.springframework.test.context.jdbc.SqlScriptsTestExecutionListener@4aaa6e62, org.springframework.security.test.context.support.WithSecurityContextTestExecutionListener@54210bb8, org.springframework.test.context.event.EventPublishingTestExecutionListener@63574fbf, org.springframework.security.test.context.support.ReactorContextTestExecutionListener@7d7a4740, org.springframework.boot.test.autoconfigure.restdocs.RestDocsTestExecutionListener@643afff3, org.springframework.boot.test.autoconfigure.web.client.MockRestServiceServerResetTestExecutionListener@381a4407, org.springframework.boot.test.autoconfigure.web.servlet.MockMvcPrintOnlyOnFailureTestExecutionListener@6169de0c, org.springframework.boot.test.autoconfigure.web.servlet.WebDriverTestExecutionListener@4e06d526, org.springframework.boot.test.autoconfigure.webservices.client.MockWebServiceServerTestExecutionListener@7d707e72, org.springframework.boot.test.mock.mockito.ResetMocksTestExecutionListener@17a027a7]

  .   ____          _            __ _ _
 /\\ / ___'_ __ _ _(_)_ __  __ _ \ \ \ \
( ( )\___ | '_ | '_| | '_ \/ _` | \ \ \ \
 \\/  ___)| |_)| | | | | || (_| |  ) ) ) )
  '  |____| .__|_| |_|_| |_\__, | / / / /
 =========|_|==============|___/=/_/_/_/
 :: Spring Boot ::                (v2.7.0)

2022-12-29 23:14:48.910  INFO 68088 --- [    Test worker] c.k.p.service.PaginationServiceTest      : Starting PaginationServiceTest using Java 17.0.5 on Kimui-MacBookAir.local with PID 68088 (started by kimtheo in /Users/kimtheo/Documents/GitHub/KeyWorld)
2022-12-29 23:14:48.910 DEBUG 68088 --- [    Test worker] c.k.p.service.PaginationServiceTest      : Running with Spring Boot v2.7.0, Spring v5.3.20
2022-12-29 23:14:48.910  INFO 68088 --- [    Test worker] c.k.p.service.PaginationServiceTest      : No active profile set, falling back to 1 default profile: "default"
2022-12-29 23:14:48.913  INFO 68088 --- [    Test worker] c.k.p.service.PaginationServiceTest      : Started PaginationServiceTest in 0.012 seconds (JVM running for 7.154)
]]></system-out>
  <system-err><![CDATA[]]></system-err>
</testsuite>
