<?xml version="1.0" encoding="UTF-8"?>
<testsuite name="View 컨트롤러 - 게시글" tests="14" skipped="1" failures="0" errors="0" timestamp="2022-12-29T14:14:47" hostname="Kimui-MacBookAir.local" time="0.184">
  <properties/>
  <testcase name="[view][POST] 게시글 수정 - 정상 호출" classname="com.keyworld.projectboard.controller.ArticleControllerTest" time="0.008"/>
  <testcase name="[view][GET] 게시글 해시태그 검색 페이지 - 정상 호출, 해시태그 입력" classname="com.keyworld.projectboard.controller.ArticleControllerTest" time="0.095"/>
  <testcase name="[view][GET] 게시글 페이지 - 정상 호출, 인증된 사용자" classname="com.keyworld.projectboard.controller.ArticleControllerTest" time="0.015"/>
  <testcase name="[view][GET] 게시글 수정 페이지 - 정상 호출, 인증된 사용자" classname="com.keyworld.projectboard.controller.ArticleControllerTest" time="0.011"/>
  <testcase name="[view][GET] 게시글 검색 전용 페이지 - 정상 호출" classname="com.keyworld.projectboard.controller.ArticleControllerTest" time="0.0">
    <skipped/>
  </testcase>
  <testcase name="[view][GET] 게시글 리스트 (게시판) 페이지 - 검색어와 함께 호출" classname="com.keyworld.projectboard.controller.ArticleControllerTest" time="0.009"/>
  <testcase name="[view][GET] 새 게시글 작성 페이지" classname="com.keyworld.projectboard.controller.ArticleControllerTest" time="0.003"/>
  <testcase name="[view][GET] 게시글 해시태그 검색 페이지 - 정상 호출" classname="com.keyworld.projectboard.controller.ArticleControllerTest" time="0.005"/>
  <testcase name="[view][GET] 게시글 리스트 (게시판) 페이지 - 페이징, 정렬 기능" classname="com.keyworld.projectboard.controller.ArticleControllerTest" time="0.006"/>
  <testcase name="[view][POST] 게시글 삭제 - 정상 호출" classname="com.keyworld.projectboard.controller.ArticleControllerTest" time="0.003"/>
  <testcase name="[view][GET] 게시글 페이지 - 인증 없을 땐 로그인 페이지로 이동" classname="com.keyworld.projectboard.controller.ArticleControllerTest" time="0.004"/>
  <testcase name="[view][GET] 게시글 리스트 (게시판) 페이지 - 정상 호출" classname="com.keyworld.projectboard.controller.ArticleControllerTest" time="0.005"/>
  <testcase name="[view][POST] 새 게시글 등록 - 정상 호출" classname="com.keyworld.projectboard.controller.ArticleControllerTest" time="0.004"/>
  <testcase name="[view][GET] 게시글 수정 페이지 - 인증 없을 땐 로그인 페이지로 이동" classname="com.keyworld.projectboard.controller.ArticleControllerTest" time="0.003"/>
  <system-out><![CDATA[2022-12-29 23:14:46.989  INFO 68088 --- [    Test worker] .b.t.a.w.s.WebMvcTestContextBootstrapper : Neither @ContextConfiguration nor @ContextHierarchy found for test class [com.keyworld.projectboard.controller.ArticleControllerTest], using SpringBootContextLoader
2022-12-29 23:14:46.989  INFO 68088 --- [    Test worker] o.s.t.c.support.AbstractContextLoader    : Could not detect default resource locations for test class [com.keyworld.projectboard.controller.ArticleControllerTest]: no resource found for suffixes {-context.xml, Context.groovy}.
2022-12-29 23:14:46.989  INFO 68088 --- [    Test worker] t.c.s.AnnotationConfigContextLoaderUtils : Could not detect default configuration classes for test class [com.keyworld.projectboard.controller.ArticleControllerTest]: ArticleControllerTest does not declare any static, non-private, non-final, nested classes annotated with @Configuration.
2022-12-29 23:14:46.991  INFO 68088 --- [    Test worker] .b.t.c.SpringBootTestContextBootstrapper : Found @SpringBootConfiguration com.keyworld.projectboard.KeyWorldProjectBoardApplication for test class com.keyworld.projectboard.controller.ArticleControllerTest
2022-12-29 23:14:46.991  INFO 68088 --- [    Test worker] .b.t.a.w.s.WebMvcTestContextBootstrapper : Loaded default TestExecutionListener class names from location [META-INF/spring.factories]: [org.springframework.security.test.context.support.WithSecurityContextTestExecutionListener, org.springframework.security.test.context.support.ReactorContextTestExecutionListener, org.springframework.boot.test.autoconfigure.restdocs.RestDocsTestExecutionListener, org.springframework.boot.test.autoconfigure.web.client.MockRestServiceServerResetTestExecutionListener, org.springframework.boot.test.autoconfigure.web.servlet.MockMvcPrintOnlyOnFailureTestExecutionListener, org.springframework.boot.test.autoconfigure.web.servlet.WebDriverTestExecutionListener, org.springframework.boot.test.autoconfigure.webservices.client.MockWebServiceServerTestExecutionListener, org.springframework.boot.test.mock.mockito.MockitoTestExecutionListener, org.springframework.boot.test.mock.mockito.ResetMocksTestExecutionListener, org.springframework.test.context.web.ServletTestExecutionListener, org.springframework.test.context.support.DirtiesContextBeforeModesTestExecutionListener, org.springframework.test.context.event.ApplicationEventsTestExecutionListener, org.springframework.test.context.support.DependencyInjectionTestExecutionListener, org.springframework.test.context.support.DirtiesContextTestExecutionListener, org.springframework.test.context.transaction.TransactionalTestExecutionListener, org.springframework.test.context.jdbc.SqlScriptsTestExecutionListener, org.springframework.test.context.event.EventPublishingTestExecutionListener]
2022-12-29 23:14:46.992  INFO 68088 --- [    Test worker] .b.t.a.w.s.WebMvcTestContextBootstrapper : Using TestExecutionListeners: [org.springframework.test.context.web.ServletTestExecutionListener@5d1acb3a, org.springframework.test.context.support.DirtiesContextBeforeModesTestExecutionListener@4ab0ebf0, org.springframework.test.context.event.ApplicationEventsTestExecutionListener@288be91b, org.springframework.boot.test.mock.mockito.MockitoTestExecutionListener@56357e52, org.springframework.boot.test.autoconfigure.SpringBootDependencyInjectionTestExecutionListener@5d7d2cb5, org.springframework.test.context.support.DirtiesContextTestExecutionListener@105fa381, org.springframework.test.context.transaction.TransactionalTestExecutionListener@67eb43a0, org.springframework.test.context.jdbc.SqlScriptsTestExecutionListener@1ad176e1, org.springframework.security.test.context.support.WithSecurityContextTestExecutionListener@2e7de98a, org.springframework.test.context.event.EventPublishingTestExecutionListener@4353146f, org.springframework.security.test.context.support.ReactorContextTestExecutionListener@7e18b9e6, org.springframework.boot.test.autoconfigure.restdocs.RestDocsTestExecutionListener@6fefaeba, org.springframework.boot.test.autoconfigure.web.client.MockRestServiceServerResetTestExecutionListener@2e9f3b74, org.springframework.boot.test.autoconfigure.web.servlet.MockMvcPrintOnlyOnFailureTestExecutionListener@7534b2a4, org.springframework.boot.test.autoconfigure.web.servlet.WebDriverTestExecutionListener@4e58f26d, org.springframework.boot.test.autoconfigure.webservices.client.MockWebServiceServerTestExecutionListener@5c501f62, org.springframework.boot.test.mock.mockito.ResetMocksTestExecutionListener@b43db07]

  .   ____          _            __ _ _
 /\\ / ___'_ __ _ _(_)_ __  __ _ \ \ \ \
( ( )\___ | '_ | '_| | '_ \/ _` | \ \ \ \
 \\/  ___)| |_)| | | | | || (_| |  ) ) ) )
  '  |____| .__|_| |_|_| |_\__, | / / / /
 =========|_|==============|___/=/_/_/_/
 :: Spring Boot ::                (v2.7.0)

2022-12-29 23:14:47.002  INFO 68088 --- [    Test worker] c.k.p.controller.ArticleControllerTest   : Starting ArticleControllerTest using Java 17.0.5 on Kimui-MacBookAir.local with PID 68088 (started by kimtheo in /Users/kimtheo/Documents/GitHub/KeyWorld)
2022-12-29 23:14:47.002 DEBUG 68088 --- [    Test worker] c.k.p.controller.ArticleControllerTest   : Running with Spring Boot v2.7.0, Spring v5.3.20
2022-12-29 23:14:47.002  INFO 68088 --- [    Test worker] c.k.p.controller.ArticleControllerTest   : No active profile set, falling back to 1 default profile: "default"
2022-12-29 23:14:47.126  INFO 68088 --- [    Test worker] o.s.b.a.w.s.WelcomePageHandlerMapping    : Adding welcome page template: index
2022-12-29 23:14:47.135 DEBUG 68088 --- [    Test worker] s.w.s.m.m.a.RequestMappingHandlerMapping : 10 mappings in 'requestMappingHandlerMapping'
2022-12-29 23:14:47.228 DEBUG 68088 --- [    Test worker] o.s.w.s.handler.SimpleUrlHandlerMapping  : Patterns [/webjars/**, /**] in 'resourceHandlerMapping'
2022-12-29 23:14:47.250  INFO 68088 --- [    Test worker] o.s.s.web.DefaultSecurityFilterChain     : Will secure any request with [org.springframework.security.web.session.DisableEncodeUrlFilter@65accb85, org.springframework.security.web.context.request.async.WebAsyncManagerIntegrationFilter@6309e4fb, org.springframework.security.web.context.SecurityContextPersistenceFilter@7101fb1c, org.springframework.security.web.header.HeaderWriterFilter@7ec9780b, org.springframework.security.web.csrf.CsrfFilter@299a0651, org.springframework.security.web.authentication.logout.LogoutFilter@1e4e145b, org.springframework.security.oauth2.client.web.OAuth2AuthorizationRequestRedirectFilter@4667fd40, org.springframework.security.oauth2.client.web.OAuth2LoginAuthenticationFilter@29db6eb1, org.springframework.security.web.authentication.UsernamePasswordAuthenticationFilter@2865c8db, org.springframework.security.web.authentication.ui.DefaultLoginPageGeneratingFilter@422f74b7, org.springframework.security.web.authentication.ui.DefaultLogoutPageGeneratingFilter@1afd9827, org.springframework.security.web.savedrequest.RequestCacheAwareFilter@79ab79f6, org.springframework.security.web.servletapi.SecurityContextHolderAwareRequestFilter@4c974fe8, org.springframework.security.web.authentication.AnonymousAuthenticationFilter@68a1d32f, org.springframework.security.web.session.SessionManagementFilter@8d0dcd9, org.springframework.security.web.access.ExceptionTranslationFilter@4518e64, org.springframework.security.web.access.intercept.AuthorizationFilter@5163bb14]
2022-12-29 23:14:47.266 DEBUG 68088 --- [    Test worker] s.w.s.m.m.a.RequestMappingHandlerAdapter : ControllerAdvice beans: 0 @ModelAttribute, 0 @InitBinder, 1 RequestBodyAdvice, 1 ResponseBodyAdvice
2022-12-29 23:14:47.271 DEBUG 68088 --- [    Test worker] .m.m.a.ExceptionHandlerExceptionResolver : ControllerAdvice beans: 0 @ExceptionHandler, 1 ResponseBodyAdvice
2022-12-29 23:14:47.311  INFO 68088 --- [    Test worker] o.s.b.t.m.w.SpringBootMockServletContext : Initializing Spring TestDispatcherServlet ''
2022-12-29 23:14:47.311  INFO 68088 --- [    Test worker] o.s.t.web.servlet.TestDispatcherServlet  : Initializing Servlet ''
2022-12-29 23:14:47.311  INFO 68088 --- [    Test worker] o.s.t.web.servlet.TestDispatcherServlet  : Completed initialization in 0 ms
2022-12-29 23:14:47.317  INFO 68088 --- [    Test worker] c.k.p.controller.ArticleControllerTest   : Started ArticleControllerTest in 0.324 seconds (JVM running for 5.558)
2022-12-29 23:14:47.324 DEBUG 68088 --- [    Test worker] s.w.s.m.m.a.RequestMappingHandlerMapping : Mapped to com.keyworld.projectboard.controller.ArticleController#updateArticle(Long, BoardPrincipal, ArticleRequest)
2022-12-29 23:14:47.326 DEBUG 68088 --- [    Test worker] o.s.web.servlet.view.RedirectView        : View name 'redirect:', model {}
2022-12-29 23:14:47.332 DEBUG 68088 --- [    Test worker] s.w.s.m.m.a.RequestMappingHandlerMapping : Mapped to com.keyworld.projectboard.controller.ArticleController#searchArticleHashtag(String, Pageable, ModelMap)
2022-12-29 23:14:47.332 DEBUG 68088 --- [    Test worker] s.w.s.m.m.a.RequestMappingHandlerMapping : Mapped to com.keyworld.projectboard.controller.ArticleController#searchArticleHashtag(String, Pageable, ModelMap)
2022-12-29 23:14:47.333 DEBUG 68088 --- [    Test worker] s.w.s.m.m.a.RequestMappingHandlerMapping : Mapped to com.keyworld.projectboard.controller.ArticleController#searchArticleHashtag(String, Pageable, ModelMap)
2022-12-29 23:14:47.333 DEBUG 68088 --- [    Test worker] s.w.s.m.m.a.RequestMappingHandlerMapping : Mapped to com.keyworld.projectboard.controller.ArticleController#searchArticleHashtag(String, Pageable, ModelMap)
2022-12-29 23:14:47.339 DEBUG 68088 --- [    Test worker] o.s.w.s.v.ContentNegotiatingViewResolver : Selected '*/*' given [*/*]
2022-12-29 23:14:47.429 DEBUG 68088 --- [    Test worker] s.w.s.m.m.a.RequestMappingHandlerMapping : Mapped to com.keyworld.projectboard.controller.ArticleController#article(Long, ModelMap)
2022-12-29 23:14:47.429 DEBUG 68088 --- [    Test worker] s.w.s.m.m.a.RequestMappingHandlerMapping : Mapped to com.keyworld.projectboard.controller.ArticleController#article(Long, ModelMap)
2022-12-29 23:14:47.429 DEBUG 68088 --- [    Test worker] s.w.s.m.m.a.RequestMappingHandlerMapping : Mapped to com.keyworld.projectboard.controller.ArticleController#article(Long, ModelMap)
2022-12-29 23:14:47.429 DEBUG 68088 --- [    Test worker] s.w.s.m.m.a.RequestMappingHandlerMapping : Mapped to com.keyworld.projectboard.controller.ArticleController#article(Long, ModelMap)
2022-12-29 23:14:47.431 DEBUG 68088 --- [    Test worker] o.s.w.s.v.ContentNegotiatingViewResolver : Selected '*/*' given [*/*]
2022-12-29 23:14:47.444 DEBUG 68088 --- [    Test worker] s.w.s.m.m.a.RequestMappingHandlerMapping : Mapped to com.keyworld.projectboard.controller.ArticleController#updateArticleForm(Long, ModelMap)
2022-12-29 23:14:47.444 DEBUG 68088 --- [    Test worker] s.w.s.m.m.a.RequestMappingHandlerMapping : Mapped to com.keyworld.projectboard.controller.ArticleController#updateArticleForm(Long, ModelMap)
2022-12-29 23:14:47.444 DEBUG 68088 --- [    Test worker] s.w.s.m.m.a.RequestMappingHandlerMapping : Mapped to com.keyworld.projectboard.controller.ArticleController#updateArticleForm(Long, ModelMap)
2022-12-29 23:14:47.444 DEBUG 68088 --- [    Test worker] s.w.s.m.m.a.RequestMappingHandlerMapping : Mapped to com.keyworld.projectboard.controller.ArticleController#updateArticleForm(Long, ModelMap)
2022-12-29 23:14:47.446 DEBUG 68088 --- [    Test worker] o.s.w.s.v.ContentNegotiatingViewResolver : Selected '*/*' given [*/*]
2022-12-29 23:14:47.456 DEBUG 68088 --- [    Test worker] s.w.s.m.m.a.RequestMappingHandlerMapping : Mapped to com.keyworld.projectboard.controller.ArticleController#articles(SearchType, String, Pageable, ModelMap)
2022-12-29 23:14:47.456 DEBUG 68088 --- [    Test worker] s.w.s.m.m.a.RequestMappingHandlerMapping : Mapped to com.keyworld.projectboard.controller.ArticleController#articles(SearchType, String, Pageable, ModelMap)
2022-12-29 23:14:47.456 DEBUG 68088 --- [    Test worker] s.w.s.m.m.a.RequestMappingHandlerMapping : Mapped to com.keyworld.projectboard.controller.ArticleController#articles(SearchType, String, Pageable, ModelMap)
2022-12-29 23:14:47.458 DEBUG 68088 --- [    Test worker] o.s.w.s.v.ContentNegotiatingViewResolver : Selected '*/*' given [*/*]
2022-12-29 23:14:47.466 DEBUG 68088 --- [    Test worker] s.w.s.m.m.a.RequestMappingHandlerMapping : Mapped to com.keyworld.projectboard.controller.ArticleController#articleForm(ModelMap)
2022-12-29 23:14:47.466 DEBUG 68088 --- [    Test worker] s.w.s.m.m.a.RequestMappingHandlerMapping : Mapped to com.keyworld.projectboard.controller.ArticleController#articleForm(ModelMap)
2022-12-29 23:14:47.466 DEBUG 68088 --- [    Test worker] s.w.s.m.m.a.RequestMappingHandlerMapping : Mapped to com.keyworld.projectboard.controller.ArticleController#articleForm(ModelMap)
2022-12-29 23:14:47.466 DEBUG 68088 --- [    Test worker] s.w.s.m.m.a.RequestMappingHandlerMapping : Mapped to com.keyworld.projectboard.controller.ArticleController#articleForm(ModelMap)
2022-12-29 23:14:47.466 DEBUG 68088 --- [    Test worker] o.s.w.s.v.ContentNegotiatingViewResolver : Selected '*/*' given [*/*]
2022-12-29 23:14:47.470 DEBUG 68088 --- [    Test worker] s.w.s.m.m.a.RequestMappingHandlerMapping : Mapped to com.keyworld.projectboard.controller.ArticleController#searchArticleHashtag(String, Pageable, ModelMap)
2022-12-29 23:14:47.470 DEBUG 68088 --- [    Test worker] s.w.s.m.m.a.RequestMappingHandlerMapping : Mapped to com.keyworld.projectboard.controller.ArticleController#searchArticleHashtag(String, Pageable, ModelMap)
2022-12-29 23:14:47.470 DEBUG 68088 --- [    Test worker] s.w.s.m.m.a.RequestMappingHandlerMapping : Mapped to com.keyworld.projectboard.controller.ArticleController#searchArticleHashtag(String, Pageable, ModelMap)
2022-12-29 23:14:47.471 DEBUG 68088 --- [    Test worker] s.w.s.m.m.a.RequestMappingHandlerMapping : Mapped to com.keyworld.projectboard.controller.ArticleController#searchArticleHashtag(String, Pageable, ModelMap)
2022-12-29 23:14:47.471 DEBUG 68088 --- [    Test worker] o.s.w.s.v.ContentNegotiatingViewResolver : Selected '*/*' given [*/*]
2022-12-29 23:14:47.476 DEBUG 68088 --- [    Test worker] s.w.s.m.m.a.RequestMappingHandlerMapping : Mapped to com.keyworld.projectboard.controller.ArticleController#articles(SearchType, String, Pageable, ModelMap)
2022-12-29 23:14:47.476 DEBUG 68088 --- [    Test worker] s.w.s.m.m.a.RequestMappingHandlerMapping : Mapped to com.keyworld.projectboard.controller.ArticleController#articles(SearchType, String, Pageable, ModelMap)
2022-12-29 23:14:47.476 DEBUG 68088 --- [    Test worker] s.w.s.m.m.a.RequestMappingHandlerMapping : Mapped to com.keyworld.projectboard.controller.ArticleController#articles(SearchType, String, Pageable, ModelMap)
2022-12-29 23:14:47.479 DEBUG 68088 --- [    Test worker] o.s.w.s.v.ContentNegotiatingViewResolver : Selected '*/*' given [*/*]
2022-12-29 23:14:47.483 DEBUG 68088 --- [    Test worker] s.w.s.m.m.a.RequestMappingHandlerMapping : Mapped to com.keyworld.projectboard.controller.ArticleController#deleteArticle(Long, BoardPrincipal)
2022-12-29 23:14:47.484 DEBUG 68088 --- [    Test worker] o.s.web.servlet.view.RedirectView        : View name 'redirect:', model {}
2022-12-29 23:14:47.487 DEBUG 68088 --- [    Test worker] s.w.s.m.m.a.RequestMappingHandlerMapping : Mapped to com.keyworld.projectboard.controller.ArticleController#article(Long, ModelMap)
2022-12-29 23:14:47.487 DEBUG 68088 --- [    Test worker] s.w.s.m.m.a.RequestMappingHandlerMapping : Mapped to com.keyworld.projectboard.controller.ArticleController#article(Long, ModelMap)
2022-12-29 23:14:47.487 DEBUG 68088 --- [    Test worker] s.w.s.m.m.a.RequestMappingHandlerMapping : Mapped to com.keyworld.projectboard.controller.ArticleController#article(Long, ModelMap)
2022-12-29 23:14:47.492 DEBUG 68088 --- [    Test worker] s.w.s.m.m.a.RequestMappingHandlerMapping : Mapped to com.keyworld.projectboard.controller.ArticleController#articles(SearchType, String, Pageable, ModelMap)
2022-12-29 23:14:47.492 DEBUG 68088 --- [    Test worker] s.w.s.m.m.a.RequestMappingHandlerMapping : Mapped to com.keyworld.projectboard.controller.ArticleController#articles(SearchType, String, Pageable, ModelMap)
2022-12-29 23:14:47.492 DEBUG 68088 --- [    Test worker] s.w.s.m.m.a.RequestMappingHandlerMapping : Mapped to com.keyworld.projectboard.controller.ArticleController#articles(SearchType, String, Pageable, ModelMap)
2022-12-29 23:14:47.493 DEBUG 68088 --- [    Test worker] o.s.w.s.v.ContentNegotiatingViewResolver : Selected '*/*' given [*/*]
2022-12-29 23:14:47.498 DEBUG 68088 --- [    Test worker] s.w.s.m.m.a.RequestMappingHandlerMapping : Mapped to com.keyworld.projectboard.controller.ArticleController#postNewArticle(BoardPrincipal, ArticleRequest)
2022-12-29 23:14:47.499 DEBUG 68088 --- [    Test worker] o.s.web.servlet.view.RedirectView        : View name 'redirect:', model {}
2022-12-29 23:14:47.502 DEBUG 68088 --- [    Test worker] s.w.s.m.m.a.RequestMappingHandlerMapping : Mapped to com.keyworld.projectboard.controller.ArticleController#updateArticleForm(Long, ModelMap)
2022-12-29 23:14:47.502 DEBUG 68088 --- [    Test worker] s.w.s.m.m.a.RequestMappingHandlerMapping : Mapped to com.keyworld.projectboard.controller.ArticleController#updateArticleForm(Long, ModelMap)
2022-12-29 23:14:47.502 DEBUG 68088 --- [    Test worker] s.w.s.m.m.a.RequestMappingHandlerMapping : Mapped to com.keyworld.projectboard.controller.ArticleController#updateArticleForm(Long, ModelMap)
]]></system-out>
  <system-err><![CDATA[]]></system-err>
</testsuite>
