<?xml version="1.0" encoding="UTF-8"?>
<testsuite name="Data REST - API 테스트" tests="6" skipped="6" failures="0" errors="0" timestamp="2022-12-29T14:14:47" hostname="Kimui-MacBookAir.local" time="0.0">
  <properties/>
  <testcase name="[api] 게시글 리스트 조회" classname="com.keyworld.projectboard.controller.DataRestTest" time="0.0">
    <skipped/>
  </testcase>
  <testcase name="[api] 댓글 단건 조회" classname="com.keyworld.projectboard.controller.DataRestTest" time="0.0">
    <skipped/>
  </testcase>
  <testcase name="[api] 게시글 -&gt; 댓글 리스트 조회" classname="com.keyworld.projectboard.controller.DataRestTest" time="0.0">
    <skipped/>
  </testcase>
  <testcase name="[api] 게시글 단건 조회" classname="com.keyworld.projectboard.controller.DataRestTest" time="0.0">
    <skipped/>
  </testcase>
  <testcase name="[api] 댓글 리스트 조회" classname="com.keyworld.projectboard.controller.DataRestTest" time="0.0">
    <skipped/>
  </testcase>
  <testcase name="[api] 회원 관련 API 는 일체 제공하지 않는다." classname="com.keyworld.projectboard.controller.DataRestTest" time="0.0">
    <skipped/>
  </testcase>
  <system-out><![CDATA[]]></system-out>
  <system-err><![CDATA[]]></system-err>
</testsuite>
