<?xml version="1.0" encoding="UTF-8"?>
<testsuite name="View 컨트롤러 - 인증" tests="1" skipped="0" failures="0" errors="0" timestamp="2022-12-29T14:14:47" hostname="Kimui-MacBookAir.local" time="0.004">
  <properties/>
  <testcase name="[view][GET] 로그인 페이지 - 정상 호출" classname="com.keyworld.projectboard.controller.AuthControllerTest" time="0.004"/>
  <system-out><![CDATA[2022-12-29 23:14:47.504  INFO 68088 --- [    Test worker] .b.t.a.w.s.WebMvcTestContextBootstrapper : Neither @ContextConfiguration nor @ContextHierarchy found for test class [com.keyworld.projectboard.controller.AuthControllerTest], using SpringBootContextLoader
2022-12-29 23:14:47.505  INFO 68088 --- [    Test worker] o.s.t.c.support.AbstractContextLoader    : Could not detect default resource locations for test class [com.keyworld.projectboard.controller.AuthControllerTest]: no resource found for suffixes {-context.xml, Context.groovy}.
2022-12-29 23:14:47.505  INFO 68088 --- [    Test worker] t.c.s.AnnotationConfigContextLoaderUtils : Could not detect default configuration classes for test class [com.keyworld.projectboard.controller.AuthControllerTest]: AuthControllerTest does not declare any static, non-private, non-final, nested classes annotated with @Configuration.
2022-12-29 23:14:47.506  INFO 68088 --- [    Test worker] .b.t.c.SpringBootTestContextBootstrapper : Found @SpringBootConfiguration com.keyworld.projectboard.KeyWorldProjectBoardApplication for test class com.keyworld.projectboard.controller.AuthControllerTest
2022-12-29 23:14:47.506  INFO 68088 --- [    Test worker] .b.t.a.w.s.WebMvcTestContextBootstrapper : Loaded default TestExecutionListener class names from location [META-INF/spring.factories]: [org.springframework.security.test.context.support.WithSecurityContextTestExecutionListener, org.springframework.security.test.context.support.ReactorContextTestExecutionListener, org.springframework.boot.test.autoconfigure.restdocs.RestDocsTestExecutionListener, org.springframework.boot.test.autoconfigure.web.client.MockRestServiceServerResetTestExecutionListener, org.springframework.boot.test.autoconfigure.web.servlet.MockMvcPrintOnlyOnFailureTestExecutionListener, org.springframework.boot.test.autoconfigure.web.servlet.WebDriverTestExecutionListener, org.springframework.boot.test.autoconfigure.webservices.client.MockWebServiceServerTestExecutionListener, org.springframework.boot.test.mock.mockito.MockitoTestExecutionListener, org.springframework.boot.test.mock.mockito.ResetMocksTestExecutionListener, org.springframework.test.context.web.ServletTestExecutionListener, org.springframework.test.context.support.DirtiesContextBeforeModesTestExecutionListener, org.springframework.test.context.event.ApplicationEventsTestExecutionListener, org.springframework.test.context.support.DependencyInjectionTestExecutionListener, org.springframework.test.context.support.DirtiesContextTestExecutionListener, org.springframework.test.context.transaction.TransactionalTestExecutionListener, org.springframework.test.context.jdbc.SqlScriptsTestExecutionListener, org.springframework.test.context.event.EventPublishingTestExecutionListener]
2022-12-29 23:14:47.507  INFO 68088 --- [    Test worker] .b.t.a.w.s.WebMvcTestContextBootstrapper : Using TestExecutionListeners: [org.springframework.test.context.web.ServletTestExecutionListener@d813294, org.springframework.test.context.support.DirtiesContextBeforeModesTestExecutionListener@2613a6fc, org.springframework.test.context.event.ApplicationEventsTestExecutionListener@7d6e3e42, org.springframework.boot.test.mock.mockito.MockitoTestExecutionListener@103388c6, org.springframework.boot.test.autoconfigure.SpringBootDependencyInjectionTestExecutionListener@14221dc6, org.springframework.test.context.support.DirtiesContextTestExecutionListener@2fbd6df8, org.springframework.test.context.transaction.TransactionalTestExecutionListener@232dda63, org.springframework.test.context.jdbc.SqlScriptsTestExecutionListener@2f541378, org.springframework.security.test.context.support.WithSecurityContextTestExecutionListener@2b1cf779, org.springframework.test.context.event.EventPublishingTestExecutionListener@6f0a9d4f, org.springframework.security.test.context.support.ReactorContextTestExecutionListener@22b9ac0f, org.springframework.boot.test.autoconfigure.restdocs.RestDocsTestExecutionListener@2df9b4f3, org.springframework.boot.test.autoconfigure.web.client.MockRestServiceServerResetTestExecutionListener@6112390a, org.springframework.boot.test.autoconfigure.web.servlet.MockMvcPrintOnlyOnFailureTestExecutionListener@5ac92082, org.springframework.boot.test.autoconfigure.web.servlet.WebDriverTestExecutionListener@35ff3600, org.springframework.boot.test.autoconfigure.webservices.client.MockWebServiceServerTestExecutionListener@55c14260, org.springframework.boot.test.mock.mockito.ResetMocksTestExecutionListener@256bfbbb]

  .   ____          _            __ _ _
 /\\ / ___'_ __ _ _(_)_ __  __ _ \ \ \ \
( ( )\___ | '_ | '_| | '_ \/ _` | \ \ \ \
 \\/  ___)| |_)| | | | | || (_| |  ) ) ) )
  '  |____| .__|_| |_|_| |_\__, | / / / /
 =========|_|==============|___/=/_/_/_/
 :: Spring Boot ::                (v2.7.0)

2022-12-29 23:14:47.517  INFO 68088 --- [    Test worker] c.k.p.controller.AuthControllerTest      : Starting AuthControllerTest using Java 17.0.5 on Kimui-MacBookAir.local with PID 68088 (started by kimtheo in /Users/kimtheo/Documents/GitHub/KeyWorld)
2022-12-29 23:14:47.517 DEBUG 68088 --- [    Test worker] c.k.p.controller.AuthControllerTest      : Running with Spring Boot v2.7.0, Spring v5.3.20
2022-12-29 23:14:47.517  INFO 68088 --- [    Test worker] c.k.p.controller.AuthControllerTest      : No active profile set, falling back to 1 default profile: "default"
2022-12-29 23:14:47.613  INFO 68088 --- [    Test worker] o.s.b.a.w.s.WelcomePageHandlerMapping    : Adding welcome page template: index
2022-12-29 23:14:47.619 DEBUG 68088 --- [    Test worker] s.w.s.m.m.a.RequestMappingHandlerMapping : 2 mappings in 'requestMappingHandlerMapping'
2022-12-29 23:14:47.715 DEBUG 68088 --- [    Test worker] o.s.w.s.handler.SimpleUrlHandlerMapping  : Patterns [/webjars/**, /**] in 'resourceHandlerMapping'
2022-12-29 23:14:47.737  INFO 68088 --- [    Test worker] o.s.s.web.DefaultSecurityFilterChain     : Will secure any request with [org.springframework.security.web.session.DisableEncodeUrlFilter@67feb5d0, org.springframework.security.web.context.request.async.WebAsyncManagerIntegrationFilter@326acc7c, org.springframework.security.web.context.SecurityContextPersistenceFilter@18092b96, org.springframework.security.web.header.HeaderWriterFilter@238cf72, org.springframework.security.web.csrf.CsrfFilter@827f9c8, org.springframework.security.web.authentication.logout.LogoutFilter@5b2728db, org.springframework.security.oauth2.client.web.OAuth2AuthorizationRequestRedirectFilter@272185e8, org.springframework.security.oauth2.client.web.OAuth2LoginAuthenticationFilter@64ee4b14, org.springframework.security.web.authentication.UsernamePasswordAuthenticationFilter@45220c67, org.springframework.security.web.authentication.ui.DefaultLoginPageGeneratingFilter@1f6fe574, org.springframework.security.web.authentication.ui.DefaultLogoutPageGeneratingFilter@19cf111c, org.springframework.security.web.savedrequest.RequestCacheAwareFilter@4fdb4052, org.springframework.security.web.servletapi.SecurityContextHolderAwareRequestFilter@bdc5584, org.springframework.security.web.authentication.AnonymousAuthenticationFilter@fef4fda, org.springframework.security.web.session.SessionManagementFilter@2fd77e1d, org.springframework.security.web.access.ExceptionTranslationFilter@32ecad28, org.springframework.security.web.access.intercept.AuthorizationFilter@521a3128]
2022-12-29 23:14:47.754 DEBUG 68088 --- [    Test worker] s.w.s.m.m.a.RequestMappingHandlerAdapter : ControllerAdvice beans: 0 @ModelAttribute, 0 @InitBinder, 1 RequestBodyAdvice, 1 ResponseBodyAdvice
2022-12-29 23:14:47.758 DEBUG 68088 --- [    Test worker] .m.m.a.ExceptionHandlerExceptionResolver : ControllerAdvice beans: 0 @ExceptionHandler, 1 ResponseBodyAdvice
2022-12-29 23:14:47.793  INFO 68088 --- [    Test worker] o.s.b.t.m.w.SpringBootMockServletContext : Initializing Spring TestDispatcherServlet ''
2022-12-29 23:14:47.794  INFO 68088 --- [    Test worker] o.s.t.web.servlet.TestDispatcherServlet  : Initializing Servlet ''
2022-12-29 23:14:47.794  INFO 68088 --- [    Test worker] o.s.t.web.servlet.TestDispatcherServlet  : Completed initialization in 0 ms
2022-12-29 23:14:47.799  INFO 68088 --- [    Test worker] c.k.p.controller.AuthControllerTest      : Started AuthControllerTest in 0.291 seconds (JVM running for 6.04)
]]></system-out>
  <system-err><![CDATA[]]></system-err>
</testsuite>
