<?xml version="1.0" encoding="UTF-8"?>
<testsuite name="View 컨트롤러 - 댓글" tests="3" skipped="0" failures="0" errors="0" timestamp="2022-12-29T14:14:46" hostname="Kimui-MacBookAir.local" time="0.092">
  <properties/>
  <testcase name="[view][GET] 댓글 삭제 - 정상 호출" classname="com.keyworld.projectboard.controller.ArticleCommentControllerTest" time="0.067"/>
  <testcase name="[view][POST] 대댓글 등록 - 정상 호출" classname="com.keyworld.projectboard.controller.ArticleCommentControllerTest" time="0.019"/>
  <testcase name="[view][POST] 댓글 등록 - 정상 호출" classname="com.keyworld.projectboard.controller.ArticleCommentControllerTest" time="0.004"/>
  <system-out><![CDATA[2022-12-29 23:14:46.475  INFO 68088 --- [    Test worker] .b.t.a.w.s.WebMvcTestContextBootstrapper : Neither @ContextConfiguration nor @ContextHierarchy found for test class [com.keyworld.projectboard.controller.ArticleCommentControllerTest], using SpringBootContextLoader
2022-12-29 23:14:46.475  INFO 68088 --- [    Test worker] o.s.t.c.support.AbstractContextLoader    : Could not detect default resource locations for test class [com.keyworld.projectboard.controller.ArticleCommentControllerTest]: no resource found for suffixes {-context.xml, Context.groovy}.
2022-12-29 23:14:46.475  INFO 68088 --- [    Test worker] t.c.s.AnnotationConfigContextLoaderUtils : Could not detect default configuration classes for test class [com.keyworld.projectboard.controller.ArticleCommentControllerTest]: ArticleCommentControllerTest does not declare any static, non-private, non-final, nested classes annotated with @Configuration.
2022-12-29 23:14:46.487  INFO 68088 --- [    Test worker] .b.t.c.SpringBootTestContextBootstrapper : Found @SpringBootConfiguration com.keyworld.projectboard.KeyWorldProjectBoardApplication for test class com.keyworld.projectboard.controller.ArticleCommentControllerTest
2022-12-29 23:14:46.488  INFO 68088 --- [    Test worker] .b.t.a.w.s.WebMvcTestContextBootstrapper : Loaded default TestExecutionListener class names from location [META-INF/spring.factories]: [org.springframework.security.test.context.support.WithSecurityContextTestExecutionListener, org.springframework.security.test.context.support.ReactorContextTestExecutionListener, org.springframework.boot.test.autoconfigure.restdocs.RestDocsTestExecutionListener, org.springframework.boot.test.autoconfigure.web.client.MockRestServiceServerResetTestExecutionListener, org.springframework.boot.test.autoconfigure.web.servlet.MockMvcPrintOnlyOnFailureTestExecutionListener, org.springframework.boot.test.autoconfigure.web.servlet.WebDriverTestExecutionListener, org.springframework.boot.test.autoconfigure.webservices.client.MockWebServiceServerTestExecutionListener, org.springframework.boot.test.mock.mockito.MockitoTestExecutionListener, org.springframework.boot.test.mock.mockito.ResetMocksTestExecutionListener, org.springframework.test.context.web.ServletTestExecutionListener, org.springframework.test.context.support.DirtiesContextBeforeModesTestExecutionListener, org.springframework.test.context.event.ApplicationEventsTestExecutionListener, org.springframework.test.context.support.DependencyInjectionTestExecutionListener, org.springframework.test.context.support.DirtiesContextTestExecutionListener, org.springframework.test.context.transaction.TransactionalTestExecutionListener, org.springframework.test.context.jdbc.SqlScriptsTestExecutionListener, org.springframework.test.context.event.EventPublishingTestExecutionListener]
2022-12-29 23:14:46.488  INFO 68088 --- [    Test worker] .b.t.a.w.s.WebMvcTestContextBootstrapper : Using TestExecutionListeners: [org.springframework.test.context.web.ServletTestExecutionListener@15c46930, org.springframework.test.context.support.DirtiesContextBeforeModesTestExecutionListener@2c635953, org.springframework.test.context.event.ApplicationEventsTestExecutionListener@547ef1c6, org.springframework.boot.test.mock.mockito.MockitoTestExecutionListener@39dfadd7, org.springframework.boot.test.autoconfigure.SpringBootDependencyInjectionTestExecutionListener@f64ce35, org.springframework.test.context.support.DirtiesContextTestExecutionListener@397ba74b, org.springframework.test.context.transaction.TransactionalTestExecutionListener@1a288163, org.springframework.test.context.jdbc.SqlScriptsTestExecutionListener@5e5d26e4, org.springframework.security.test.context.support.WithSecurityContextTestExecutionListener@77614e7c, org.springframework.test.context.event.EventPublishingTestExecutionListener@1344ee24, org.springframework.security.test.context.support.ReactorContextTestExecutionListener@4d3946b6, org.springframework.boot.test.autoconfigure.restdocs.RestDocsTestExecutionListener@7a6433f3, org.springframework.boot.test.autoconfigure.web.client.MockRestServiceServerResetTestExecutionListener@78b906d, org.springframework.boot.test.autoconfigure.web.servlet.MockMvcPrintOnlyOnFailureTestExecutionListener@330a6b76, org.springframework.boot.test.autoconfigure.web.servlet.WebDriverTestExecutionListener@34018757, org.springframework.boot.test.autoconfigure.webservices.client.MockWebServiceServerTestExecutionListener@6f21c18f, org.springframework.boot.test.mock.mockito.ResetMocksTestExecutionListener@34723cfe]

  .   ____          _            __ _ _
 /\\ / ___'_ __ _ _(_)_ __  __ _ \ \ \ \
( ( )\___ | '_ | '_| | '_ \/ _` | \ \ \ \
 \\/  ___)| |_)| | | | | || (_| |  ) ) ) )
  '  |____| .__|_| |_|_| |_\__, | / / / /
 =========|_|==============|___/=/_/_/_/
 :: Spring Boot ::                (v2.7.0)

2022-12-29 23:14:46.503  INFO 68088 --- [    Test worker] c.k.p.c.ArticleCommentControllerTest     : Starting ArticleCommentControllerTest using Java 17.0.5 on Kimui-MacBookAir.local with PID 68088 (started by kimtheo in /Users/kimtheo/Documents/GitHub/KeyWorld)
2022-12-29 23:14:46.503 DEBUG 68088 --- [    Test worker] c.k.p.c.ArticleCommentControllerTest     : Running with Spring Boot v2.7.0, Spring v5.3.20
2022-12-29 23:14:46.503  INFO 68088 --- [    Test worker] c.k.p.c.ArticleCommentControllerTest     : No active profile set, falling back to 1 default profile: "default"
2022-12-29 23:14:46.667  INFO 68088 --- [    Test worker] o.s.b.a.w.s.WelcomePageHandlerMapping    : Adding welcome page template: index
2022-12-29 23:14:46.675 DEBUG 68088 --- [    Test worker] s.w.s.m.m.a.RequestMappingHandlerMapping : 4 mappings in 'requestMappingHandlerMapping'
2022-12-29 23:14:46.785 DEBUG 68088 --- [    Test worker] o.s.w.s.handler.SimpleUrlHandlerMapping  : Patterns [/webjars/**, /**] in 'resourceHandlerMapping'
2022-12-29 23:14:46.812  INFO 68088 --- [    Test worker] o.s.s.web.DefaultSecurityFilterChain     : Will secure any request with [org.springframework.security.web.session.DisableEncodeUrlFilter@62f30cea, org.springframework.security.web.context.request.async.WebAsyncManagerIntegrationFilter@5c1ecf52, org.springframework.security.web.context.SecurityContextPersistenceFilter@7553ad52, org.springframework.security.web.header.HeaderWriterFilter@28a210fb, org.springframework.security.web.csrf.CsrfFilter@76b17a78, org.springframework.security.web.authentication.logout.LogoutFilter@569242a8, org.springframework.security.oauth2.client.web.OAuth2AuthorizationRequestRedirectFilter@78f3ce56, org.springframework.security.oauth2.client.web.OAuth2LoginAuthenticationFilter@2df491be, org.springframework.security.web.authentication.UsernamePasswordAuthenticationFilter@3c304c7a, org.springframework.security.web.authentication.ui.DefaultLoginPageGeneratingFilter@63031e98, org.springframework.security.web.authentication.ui.DefaultLogoutPageGeneratingFilter@3a792bf9, org.springframework.security.web.savedrequest.RequestCacheAwareFilter@301da01d, org.springframework.security.web.servletapi.SecurityContextHolderAwareRequestFilter@8004b2d, org.springframework.security.web.authentication.AnonymousAuthenticationFilter@33093469, org.springframework.security.web.session.SessionManagementFilter@8cc7489, org.springframework.security.web.access.ExceptionTranslationFilter@608707d, org.springframework.security.web.access.intercept.AuthorizationFilter@274d10aa]
2022-12-29 23:14:46.830 DEBUG 68088 --- [    Test worker] s.w.s.m.m.a.RequestMappingHandlerAdapter : ControllerAdvice beans: 0 @ModelAttribute, 0 @InitBinder, 1 RequestBodyAdvice, 1 ResponseBodyAdvice
2022-12-29 23:14:46.835 DEBUG 68088 --- [    Test worker] .m.m.a.ExceptionHandlerExceptionResolver : ControllerAdvice beans: 0 @ExceptionHandler, 1 ResponseBodyAdvice
2022-12-29 23:14:46.884  INFO 68088 --- [    Test worker] o.s.b.t.m.w.SpringBootMockServletContext : Initializing Spring TestDispatcherServlet ''
2022-12-29 23:14:46.884  INFO 68088 --- [    Test worker] o.s.t.web.servlet.TestDispatcherServlet  : Initializing Servlet ''
2022-12-29 23:14:46.885  INFO 68088 --- [    Test worker] o.s.t.web.servlet.TestDispatcherServlet  : Completed initialization in 1 ms
2022-12-29 23:14:46.892  INFO 68088 --- [    Test worker] c.k.p.c.ArticleCommentControllerTest     : Started ArticleCommentControllerTest in 0.4 seconds (JVM running for 5.133)
2022-12-29 23:14:46.928 DEBUG 68088 --- [    Test worker] s.w.s.m.m.a.RequestMappingHandlerMapping : Mapped to com.keyworld.projectboard.controller.ArticleCommentController#deleteArticleComment(Long, BoardPrincipal, Long)
2022-12-29 23:14:46.944 DEBUG 68088 --- [    Test worker] o.s.web.servlet.view.RedirectView        : View name 'redirect:', model {}
2022-12-29 23:14:46.977 DEBUG 68088 --- [    Test worker] s.w.s.m.m.a.RequestMappingHandlerMapping : Mapped to com.keyworld.projectboard.controller.ArticleCommentController#postNewArticleComment(BoardPrincipal, ArticleCommentRequest)
2022-12-29 23:14:46.981 DEBUG 68088 --- [    Test worker] o.s.web.servlet.view.RedirectView        : View name 'redirect:', model {}
2022-12-29 23:14:46.985 DEBUG 68088 --- [    Test worker] s.w.s.m.m.a.RequestMappingHandlerMapping : Mapped to com.keyworld.projectboard.controller.ArticleCommentController#postNewArticleComment(BoardPrincipal, ArticleCommentRequest)
2022-12-29 23:14:46.986 DEBUG 68088 --- [    Test worker] o.s.web.servlet.view.RedirectView        : View name 'redirect:', model {}
]]></system-out>
  <system-err><![CDATA[]]></system-err>
</testsuite>
