<?xml version="1.0" encoding="UTF-8"?>
<testsuite name="View 루트 컨트롤러" tests="1" skipped="0" failures="0" errors="0" timestamp="2022-12-29T14:14:48" hostname="Kimui-MacBookAir.local" time="0.005">
  <properties/>
  <testcase name="[view][GET] 루트 페이지 -&gt; 게시글 리스트 (게시판) 페이지 Redirection" classname="com.keyworld.projectboard.controller.MainControllerTest" time="0.005"/>
  <system-out><![CDATA[2022-12-29 23:14:47.805  INFO 68088 --- [    Test worker] .b.t.a.w.s.WebMvcTestContextBootstrapper : Neither @ContextConfiguration nor @ContextHierarchy found for test class [com.keyworld.projectboard.controller.MainControllerTest], using SpringBootContextLoader
2022-12-29 23:14:47.807  INFO 68088 --- [    Test worker] o.s.t.c.support.AbstractContextLoader    : Could not detect default resource locations for test class [com.keyworld.projectboard.controller.MainControllerTest]: no resource found for suffixes {-context.xml, Context.groovy}.
2022-12-29 23:14:47.807  INFO 68088 --- [    Test worker] t.c.s.AnnotationConfigContextLoaderUtils : Could not detect default configuration classes for test class [com.keyworld.projectboard.controller.MainControllerTest]: MainControllerTest does not declare any static, non-private, non-final, nested classes annotated with @Configuration.
2022-12-29 23:14:47.809  INFO 68088 --- [    Test worker] .b.t.c.SpringBootTestContextBootstrapper : Found @SpringBootConfiguration com.keyworld.projectboard.KeyWorldProjectBoardApplication for test class com.keyworld.projectboard.controller.MainControllerTest
2022-12-29 23:14:47.809  INFO 68088 --- [    Test worker] .b.t.a.w.s.WebMvcTestContextBootstrapper : Loaded default TestExecutionListener class names from location [META-INF/spring.factories]: [org.springframework.security.test.context.support.WithSecurityContextTestExecutionListener, org.springframework.security.test.context.support.ReactorContextTestExecutionListener, org.springframework.boot.test.autoconfigure.restdocs.RestDocsTestExecutionListener, org.springframework.boot.test.autoconfigure.web.client.MockRestServiceServerResetTestExecutionListener, org.springframework.boot.test.autoconfigure.web.servlet.MockMvcPrintOnlyOnFailureTestExecutionListener, org.springframework.boot.test.autoconfigure.web.servlet.WebDriverTestExecutionListener, org.springframework.boot.test.autoconfigure.webservices.client.MockWebServiceServerTestExecutionListener, org.springframework.boot.test.mock.mockito.MockitoTestExecutionListener, org.springframework.boot.test.mock.mockito.ResetMocksTestExecutionListener, org.springframework.test.context.web.ServletTestExecutionListener, org.springframework.test.context.support.DirtiesContextBeforeModesTestExecutionListener, org.springframework.test.context.event.ApplicationEventsTestExecutionListener, org.springframework.test.context.support.DependencyInjectionTestExecutionListener, org.springframework.test.context.support.DirtiesContextTestExecutionListener, org.springframework.test.context.transaction.TransactionalTestExecutionListener, org.springframework.test.context.jdbc.SqlScriptsTestExecutionListener, org.springframework.test.context.event.EventPublishingTestExecutionListener]
2022-12-29 23:14:47.809  INFO 68088 --- [    Test worker] .b.t.a.w.s.WebMvcTestContextBootstrapper : Using TestExecutionListeners: [org.springframework.test.context.web.ServletTestExecutionListener@1776a497, org.springframework.test.context.support.DirtiesContextBeforeModesTestExecutionListener@188f4ec3, org.springframework.test.context.event.ApplicationEventsTestExecutionListener@7c78688b, org.springframework.boot.test.mock.mockito.MockitoTestExecutionListener@117e7b16, org.springframework.boot.test.autoconfigure.SpringBootDependencyInjectionTestExecutionListener@330e37b2, org.springframework.test.context.support.DirtiesContextTestExecutionListener@51959e46, org.springframework.test.context.transaction.TransactionalTestExecutionListener@6e9698cf, org.springframework.test.context.jdbc.SqlScriptsTestExecutionListener@cd2f8c0, org.springframework.security.test.context.support.WithSecurityContextTestExecutionListener@4e23fd4f, org.springframework.test.context.event.EventPublishingTestExecutionListener@33b92d63, org.springframework.security.test.context.support.ReactorContextTestExecutionListener@69339b3b, org.springframework.boot.test.autoconfigure.restdocs.RestDocsTestExecutionListener@723c6a25, org.springframework.boot.test.autoconfigure.web.client.MockRestServiceServerResetTestExecutionListener@232438a8, org.springframework.boot.test.autoconfigure.web.servlet.MockMvcPrintOnlyOnFailureTestExecutionListener@590cdb9a, org.springframework.boot.test.autoconfigure.web.servlet.WebDriverTestExecutionListener@2c9369c3, org.springframework.boot.test.autoconfigure.webservices.client.MockWebServiceServerTestExecutionListener@3def5336, org.springframework.boot.test.mock.mockito.ResetMocksTestExecutionListener@3f0cdd5b]

  .   ____          _            __ _ _
 /\\ / ___'_ __ _ _(_)_ __  __ _ \ \ \ \
( ( )\___ | '_ | '_| | '_ \/ _` | \ \ \ \
 \\/  ___)| |_)| | | | | || (_| |  ) ) ) )
  '  |____| .__|_| |_|_| |_\__, | / / / /
 =========|_|==============|___/=/_/_/_/
 :: Spring Boot ::                (v2.7.0)

2022-12-29 23:14:47.819  INFO 68088 --- [    Test worker] c.k.p.controller.MainControllerTest      : Starting MainControllerTest using Java 17.0.5 on Kimui-MacBookAir.local with PID 68088 (started by kimtheo in /Users/kimtheo/Documents/GitHub/KeyWorld)
2022-12-29 23:14:47.819 DEBUG 68088 --- [    Test worker] c.k.p.controller.MainControllerTest      : Running with Spring Boot v2.7.0, Spring v5.3.20
2022-12-29 23:14:47.819  INFO 68088 --- [    Test worker] c.k.p.controller.MainControllerTest      : No active profile set, falling back to 1 default profile: "default"
2022-12-29 23:14:47.906  INFO 68088 --- [    Test worker] o.s.b.a.w.s.WelcomePageHandlerMapping    : Adding welcome page template: index
2022-12-29 23:14:47.912 DEBUG 68088 --- [    Test worker] s.w.s.m.m.a.RequestMappingHandlerMapping : 3 mappings in 'requestMappingHandlerMapping'
2022-12-29 23:14:48.010 DEBUG 68088 --- [    Test worker] o.s.w.s.handler.SimpleUrlHandlerMapping  : Patterns [/webjars/**, /**] in 'resourceHandlerMapping'
2022-12-29 23:14:48.045  INFO 68088 --- [    Test worker] o.s.s.web.DefaultSecurityFilterChain     : Will secure any request with [org.springframework.security.web.session.DisableEncodeUrlFilter@28220b56, org.springframework.security.web.context.request.async.WebAsyncManagerIntegrationFilter@70aebcee, org.springframework.security.web.context.SecurityContextPersistenceFilter@78c7928a, org.springframework.security.web.header.HeaderWriterFilter@4670caf6, org.springframework.security.web.csrf.CsrfFilter@1e287867, org.springframework.security.web.authentication.logout.LogoutFilter@548051d7, org.springframework.security.oauth2.client.web.OAuth2AuthorizationRequestRedirectFilter@1bba5848, org.springframework.security.oauth2.client.web.OAuth2LoginAuthenticationFilter@4945b25f, org.springframework.security.web.authentication.UsernamePasswordAuthenticationFilter@4d62b6da, org.springframework.security.web.authentication.ui.DefaultLoginPageGeneratingFilter@b8df260, org.springframework.security.web.authentication.ui.DefaultLogoutPageGeneratingFilter@399fd2ab, org.springframework.security.web.savedrequest.RequestCacheAwareFilter@675f9bc6, org.springframework.security.web.servletapi.SecurityContextHolderAwareRequestFilter@27b8daa1, org.springframework.security.web.authentication.AnonymousAuthenticationFilter@5dac488d, org.springframework.security.web.session.SessionManagementFilter@25712d03, org.springframework.security.web.access.ExceptionTranslationFilter@5249b9c5, org.springframework.security.web.access.intercept.AuthorizationFilter@51761e07]
2022-12-29 23:14:48.064 DEBUG 68088 --- [    Test worker] s.w.s.m.m.a.RequestMappingHandlerAdapter : ControllerAdvice beans: 0 @ModelAttribute, 0 @InitBinder, 1 RequestBodyAdvice, 1 ResponseBodyAdvice
2022-12-29 23:14:48.068 DEBUG 68088 --- [    Test worker] .m.m.a.ExceptionHandlerExceptionResolver : ControllerAdvice beans: 0 @ExceptionHandler, 1 ResponseBodyAdvice
2022-12-29 23:14:48.103  INFO 68088 --- [    Test worker] o.s.b.t.m.w.SpringBootMockServletContext : Initializing Spring TestDispatcherServlet ''
2022-12-29 23:14:48.103  INFO 68088 --- [    Test worker] o.s.t.web.servlet.TestDispatcherServlet  : Initializing Servlet ''
2022-12-29 23:14:48.103  INFO 68088 --- [    Test worker] o.s.t.web.servlet.TestDispatcherServlet  : Completed initialization in 0 ms
2022-12-29 23:14:48.108  INFO 68088 --- [    Test worker] c.k.p.controller.MainControllerTest      : Started MainControllerTest in 0.297 seconds (JVM running for 6.349)
2022-12-29 23:14:48.111 DEBUG 68088 --- [    Test worker] s.w.s.m.m.a.RequestMappingHandlerMapping : Mapped to com.keyworld.projectboard.controller.MainController#root()
2022-12-29 23:14:48.111 DEBUG 68088 --- [    Test worker] s.w.s.m.m.a.RequestMappingHandlerMapping : Mapped to com.keyworld.projectboard.controller.MainController#root()
2022-12-29 23:14:48.112 DEBUG 68088 --- [    Test worker] o.s.w.s.v.ContentNegotiatingViewResolver : Selected '*/*' given [*/*]
2022-12-29 23:14:48.112 DEBUG 68088 --- [    Test worker] o.s.w.servlet.view.InternalResourceView  : View [InternalResourceView], model {}
2022-12-29 23:14:48.112 DEBUG 68088 --- [    Test worker] o.s.w.servlet.view.InternalResourceView  : Forwarding to [/articles]
]]></system-out>
  <system-err><![CDATA[]]></system-err>
</testsuite>
