<?xml version="1.0" encoding="UTF-8"?>
<testsuite name="테스트 도구 - Form 데이터 인코더" tests="1" skipped="0" failures="0" errors="0" timestamp="2022-12-29T14:14:48" hostname="Kimui-MacBookAir.local" time="0.006">
  <properties/>
  <testcase name="객체를 넣으면, url encoding 된 form body data 형식의 문자열을 돌려준다." classname="com.keyworld.projectboard.util.FormDataEncoderTest" time="0.006"/>
  <system-out><![CDATA[2022-12-29 23:14:48.929  INFO 68088 --- [    Test worker] .b.t.c.SpringBootTestContextBootstrapper : Neither @ContextConfiguration nor @ContextHierarchy found for test class [com.keyworld.projectboard.util.FormDataEncoderTest], using SpringBootContextLoader
2022-12-29 23:14:48.929  INFO 68088 --- [    Test worker] o.s.t.c.support.AbstractContextLoader    : Could not detect default resource locations for test class [com.keyworld.projectboard.util.FormDataEncoderTest]: no resource found for suffixes {-context.xml, Context.groovy}.
2022-12-29 23:14:48.930  INFO 68088 --- [    Test worker] .b.t.c.SpringBootTestContextBootstrapper : Loaded default TestExecutionListener class names from location [META-INF/spring.factories]: [org.springframework.security.test.context.support.WithSecurityContextTestExecutionListener, org.springframework.security.test.context.support.ReactorContextTestExecutionListener, org.springframework.boot.test.autoconfigure.restdocs.RestDocsTestExecutionListener, org.springframework.boot.test.autoconfigure.web.client.MockRestServiceServerResetTestExecutionListener, org.springframework.boot.test.autoconfigure.web.servlet.MockMvcPrintOnlyOnFailureTestExecutionListener, org.springframework.boot.test.autoconfigure.web.servlet.WebDriverTestExecutionListener, org.springframework.boot.test.autoconfigure.webservices.client.MockWebServiceServerTestExecutionListener, org.springframework.boot.test.mock.mockito.MockitoTestExecutionListener, org.springframework.boot.test.mock.mockito.ResetMocksTestExecutionListener, org.springframework.test.context.web.ServletTestExecutionListener, org.springframework.test.context.support.DirtiesContextBeforeModesTestExecutionListener, org.springframework.test.context.event.ApplicationEventsTestExecutionListener, org.springframework.test.context.support.DependencyInjectionTestExecutionListener, org.springframework.test.context.support.DirtiesContextTestExecutionListener, org.springframework.test.context.transaction.TransactionalTestExecutionListener, org.springframework.test.context.jdbc.SqlScriptsTestExecutionListener, org.springframework.test.context.event.EventPublishingTestExecutionListener]
2022-12-29 23:14:48.930  INFO 68088 --- [    Test worker] .b.t.c.SpringBootTestContextBootstrapper : Using TestExecutionListeners: [org.springframework.test.context.web.ServletTestExecutionListener@5ac9ae05, org.springframework.test.context.support.DirtiesContextBeforeModesTestExecutionListener@5fa78e0a, org.springframework.test.context.event.ApplicationEventsTestExecutionListener@69f1887c, org.springframework.boot.test.mock.mockito.MockitoTestExecutionListener@143ad42d, org.springframework.boot.test.autoconfigure.SpringBootDependencyInjectionTestExecutionListener@314f929, org.springframework.test.context.support.DirtiesContextTestExecutionListener@60a0f09f, org.springframework.test.context.transaction.TransactionalTestExecutionListener@577269f, org.springframework.test.context.jdbc.SqlScriptsTestExecutionListener@47ae01a0, org.springframework.security.test.context.support.WithSecurityContextTestExecutionListener@63d765cd, org.springframework.test.context.event.EventPublishingTestExecutionListener@4945520, org.springframework.security.test.context.support.ReactorContextTestExecutionListener@386bd8f3, org.springframework.boot.test.autoconfigure.restdocs.RestDocsTestExecutionListener@fff7d5f, org.springframework.boot.test.autoconfigure.web.client.MockRestServiceServerResetTestExecutionListener@575e8860, org.springframework.boot.test.autoconfigure.web.servlet.MockMvcPrintOnlyOnFailureTestExecutionListener@7145eafe, org.springframework.boot.test.autoconfigure.web.servlet.WebDriverTestExecutionListener@178f0865, org.springframework.boot.test.autoconfigure.webservices.client.MockWebServiceServerTestExecutionListener@636e9a4e, org.springframework.boot.test.mock.mockito.ResetMocksTestExecutionListener@40d013cb]

  .   ____          _            __ _ _
 /\\ / ___'_ __ _ _(_)_ __  __ _ \ \ \ \
( ( )\___ | '_ | '_| | '_ \/ _` | \ \ \ \
 \\/  ___)| |_)| | | | | || (_| |  ) ) ) )
  '  |____| .__|_| |_|_| |_\__, | / / / /
 =========|_|==============|___/=/_/_/_/
 :: Spring Boot ::                (v2.7.0)

2022-12-29 23:14:48.939  INFO 68088 --- [    Test worker] c.k.p.util.FormDataEncoderTest           : Starting FormDataEncoderTest using Java 17.0.5 on Kimui-MacBookAir.local with PID 68088 (started by kimtheo in /Users/kimtheo/Documents/GitHub/KeyWorld)
2022-12-29 23:14:48.939 DEBUG 68088 --- [    Test worker] c.k.p.util.FormDataEncoderTest           : Running with Spring Boot v2.7.0, Spring v5.3.20
2022-12-29 23:14:48.939  INFO 68088 --- [    Test worker] c.k.p.util.FormDataEncoderTest           : No active profile set, falling back to 1 default profile: "default"
2022-12-29 23:14:48.942  INFO 68088 --- [    Test worker] c.k.p.util.FormDataEncoderTest           : Started FormDataEncoderTest in 0.011 seconds (JVM running for 7.184)
]]></system-out>
  <system-err><![CDATA[]]></system-err>
</testsuite>
